current directory: /home/sebastien/Bureau/sebgra.github.io/.bundle/ruby/3.4.0/gems/eventmachine-1.2.7/ext/fastfilereader
/usr/bin/ruby extconf.rb
creating Makefile

current directory: /home/sebastien/Bureau/sebgra.github.io/.bundle/ruby/3.4.0/gems/eventmachine-1.2.7/ext/fastfilereader
make DESTDIR\= sitearchdir\=./.gem.20250528-84777-yck9ff sitelibdir\=./.gem.20250528-84777-yck9ff clean

current directory: /home/sebastien/Bureau/sebgra.github.io/.bundle/ruby/3.4.0/gems/eventmachine-1.2.7/ext/fastfilereader
make DESTDIR\= sitearchdir\=./.gem.20250528-84777-yck9ff sitelibdir\=./.gem.20250528-84777-yck9ff
compiling mapper.cpp
compiling rubymain.cpp
Dans le fichier inclus depuis /usr/include/ruby-3.4.0/ruby/internal/core.h:27,
                 depuis /usr/include/ruby-3.4.0/ruby/ruby.h:29,
                 depuis /usr/include/ruby-3.4.0/ruby.h:38,
                 depuis rubymain.cpp:25:
rubymain.cpp: In function « VALUE mapper_new(VALUE, VALUE) »:
/usr/include/ruby-3.4.0/ruby/internal/core/rdata.h:199:24: attention: « VALUE rb_data_object_wrap_warning(VALUE, void*, RUBY_DATA_FUNC, RUBY_DATA_FUNC) » est obsolète: by TypedData [-Wdeprecated-declarations]
  199 |     rb_data_object_wrap(                          \
      |                        ^
rubymain.cpp:53:19: note: dans l'expansion de la macro « Data_Wrap_Struct »
   53 |         VALUE v = Data_Wrap_Struct (Mapper, 0, mapper_dt, (void*)m);
      |                   ^~~~~~~~~~~~~~~~
/usr/include/ruby-3.4.0/ruby/internal/core/rdata.h:293:1: note: déclaré ici
  293 | rb_data_object_wrap_warning(VALUE klass, void *ptr, RUBY_DATA_FUNC mark, RUBY_DATA_FUNC free)
      | ^~~~~~~~~~~~~~~~~~~~~~~~~~~
Dans le fichier inclus depuis /usr/include/ruby-3.4.0/ruby/internal/assume.h:29,
                 depuis /usr/include/ruby-3.4.0/ruby/backward/2/assume.h:24,
                 depuis /usr/include/ruby-3.4.0/ruby/defines.h:72,
                 depuis /usr/include/ruby-3.4.0/ruby/ruby.h:25:
rubymain.cpp: In function « VALUE mapper_get_chunk(VALUE, VALUE, VALUE) »:
/usr/include/ruby-3.4.0/ruby/internal/core/rdata.h:275:52: attention: « void* rb_data_object_get_warning(VALUE) » est obsolète: by TypedData [-Wdeprecated-declarations]
  275 |     ((sval) = RBIMPL_CAST((type*)rb_data_object_get(obj)))
      |                                                    ^
/usr/include/ruby-3.4.0/ruby/internal/cast.h:36:29: note: dans la définition de la macro « RBIMPL_CAST »
   36 | # define RBIMPL_CAST(expr) (expr)
      |                             ^~~~
rubymain.cpp:65:9: note: dans l'expansion de la macro « Data_Get_Struct »
   65 |         Data_Get_Struct (self, Mapper_t, m);
      |         ^~~~~~~~~~~~~~~
/usr/include/ruby-3.4.0/ruby/internal/core/rdata.h:325:1: note: déclaré ici
  325 | rb_data_object_get_warning(VALUE obj)
      | ^~~~~~~~~~~~~~~~~~~~~~~~~~
rubymain.cpp: In function « VALUE mapper_close(VALUE) »:
/usr/include/ruby-3.4.0/ruby/internal/core/rdata.h:275:52: attention: « void* rb_data_object_get_warning(VALUE) » est obsolète: by TypedData [-Wdeprecated-declarations]
  275 |     ((sval) = RBIMPL_CAST((type*)rb_data_object_get(obj)))
      |                                                    ^
/usr/include/ruby-3.4.0/ruby/internal/cast.h:36:29: note: dans la définition de la macro « RBIMPL_CAST »
   36 | # define RBIMPL_CAST(expr) (expr)
      |                             ^~~~
rubymain.cpp:88:9: note: dans l'expansion de la macro « Data_Get_Struct »
   88 |         Data_Get_Struct (self, Mapper_t, m);
      |         ^~~~~~~~~~~~~~~
/usr/include/ruby-3.4.0/ruby/internal/core/rdata.h:325:1: note: déclaré ici
  325 | rb_data_object_get_warning(VALUE obj)
      | ^~~~~~~~~~~~~~~~~~~~~~~~~~
rubymain.cpp: In function « VALUE mapper_size(VALUE) »:
/usr/include/ruby-3.4.0/ruby/internal/core/rdata.h:275:52: attention: « void* rb_data_object_get_warning(VALUE) » est obsolète: by TypedData [-Wdeprecated-declarations]
  275 |     ((sval) = RBIMPL_CAST((type*)rb_data_object_get(obj)))
      |                                                    ^
/usr/include/ruby-3.4.0/ruby/internal/cast.h:36:29: note: dans la définition de la macro « RBIMPL_CAST »
   36 | # define RBIMPL_CAST(expr) (expr)
      |                             ^~~~
rubymain.cpp:102:9: note: dans l'expansion de la macro « Data_Get_Struct »
  102 |         Data_Get_Struct (self, Mapper_t, m);
      |         ^~~~~~~~~~~~~~~
/usr/include/ruby-3.4.0/ruby/internal/core/rdata.h:325:1: note: déclaré ici
  325 | rb_data_object_get_warning(VALUE obj)
      | ^~~~~~~~~~~~~~~~~~~~~~~~~~
linking shared-object fastfilereaderext.so

current directory: /home/sebastien/Bureau/sebgra.github.io/.bundle/ruby/3.4.0/gems/eventmachine-1.2.7/ext/fastfilereader
make DESTDIR\= sitearchdir\=./.gem.20250528-84777-yck9ff sitelibdir\=./.gem.20250528-84777-yck9ff install
/usr/bin/install -c -m 0755 fastfilereaderext.so ./.gem.20250528-84777-yck9ff

current directory: /home/sebastien/Bureau/sebgra.github.io/.bundle/ruby/3.4.0/gems/eventmachine-1.2.7/ext/fastfilereader
make DESTDIR\= sitearchdir\=./.gem.20250528-84777-yck9ff sitelibdir\=./.gem.20250528-84777-yck9ff clean
